<?xml version="1.0" encoding="UTF-8"?>
<testng-results ignored="0" total="1" passed="1" failed="0" skipped="0">
  <reporter-output>
  </reporter-output>
  <suite started-at="2021-09-26T19:20:07 IST" name="Default suite" finished-at="2021-09-26T19:20:14 IST" duration-ms="7452">
    <groups>
    </groups>
    <test started-at="2021-09-26T19:20:07 IST" name="Default test" finished-at="2021-09-26T19:20:14 IST" duration-ms="7452">
      <class name="Lenovo.LenovoProject.AppLoginTest">
        <test-method signature="ApplicationLogin()[pri:0, instance:Lenovo.LenovoProject.AppLoginTest@a530d0a]" started-at="2021-09-26T19:20:07 IST" name="ApplicationLogin" finished-at="2021-09-26T19:20:14 IST" duration-ms="7374" status="PASS">
          <reporter-output>
          </reporter-output>
        </test-method> <!-- ApplicationLogin -->
      </class> <!-- Lenovo.LenovoProject.AppLoginTest -->
    </test> <!-- Default test -->
  </suite> <!-- Default suite -->
</testng-results>
